Program Loaded> sample_cases\code2.txt
1  (start)*=
2  (start)0=
3  appendxy=(end)xy
4  0dec=dec1
5  1dec=0
6  **=dec**xxyy
7  *=dec*appendxy
8  (once)xy=**xy
9  triggerinc=(end)inc
10 0inc=1
11 1inc=inc0
12 inc=1
13 xxyyxy=xyxxyytriggerinc
14 xy=

Testcase 1
Input> 11*1
Output>	11
OutStd>	11
1  7  *=dec*appendxy	11dec*appendxy1
2  3  appendxy=(end)xy	11dec*1xy
3  5  1dec=0	10*1xy
4  7  *=dec*appendxy	10dec*appendxy1xy
5  3  appendxy=(end)xy	10dec*1xyxy
6  4  0dec=dec1	1dec1*1xyxy
7  5  1dec=0	01*1xyxy
8  2  (start)0=	1*1xyxy
9  7  *=dec*appendxy	1dec*appendxy1xyxy
10 3  appendxy=(end)xy	1dec*1xyxyxy
11 5  1dec=0	0*1xyxyxy
12 2  (start)0=	*1xyxyxy
13 1  (start)*=	1xyxyxy
14 8  (once)xy=**xy	1**xyxyxy
15 6  **=dec**xxyy	1dec**xxyyxyxyxy
16 5  1dec=0	0**xxyyxyxyxy
17 2  (start)0=	**xxyyxyxyxy
18 1  (start)*=	*xxyyxyxyxy
19 1  (start)*=	xxyyxyxyxy
20 13 xxyyxy=xyxxyytriggerinc	xyxxyytriggerincxyxy
21 9  triggerinc=(end)inc	xyxxyyxyxyinc
22 12 inc=1	xyxxyyxyxy1
23 13 xxyyxy=xyxxyytriggerinc	xyxyxxyytriggerincxy1
24 9  triggerinc=(end)inc	xyxyxxyyxy1inc
25 11 1inc=inc0	xyxyxxyyxyinc0
26 12 inc=1	xyxyxxyyxy10
27 13 xxyyxy=xyxxyytriggerinc	xyxyxyxxyytriggerinc10
28 9  triggerinc=(end)inc	xyxyxyxxyy10inc
29 10 0inc=1	xyxyxyxxyy11
30 14 xy=	xyxyxxyy11
31 14 xy=	xyxxyy11
32 14 xy=	xxyy11
33 14 xy=	xy11
34 14 xy=	11

Testcase 2
Input> 101*10
Output>	1010
OutStd>	1010
1  7  *=dec*appendxy	101dec*appendxy10
2  3  appendxy=(end)xy	101dec*10xy
3  5  1dec=0	100*10xy
4  7  *=dec*appendxy	100dec*appendxy10xy
5  3  appendxy=(end)xy	100dec*10xyxy
6  4  0dec=dec1	10dec1*10xyxy
7  4  0dec=dec1	1dec11*10xyxy
8  5  1dec=0	011*10xyxy
9  2  (start)0=	11*10xyxy
10 7  *=dec*appendxy	11dec*appendxy10xyxy
11 3  appendxy=(end)xy	11dec*10xyxyxy
12 5  1dec=0	10*10xyxyxy
13 7  *=dec*appendxy	10dec*appendxy10xyxyxy
14 3  appendxy=(end)xy	10dec*10xyxyxyxy
15 4  0dec=dec1	1dec1*10xyxyxyxy
16 5  1dec=0	01*10xyxyxyxy
17 2  (start)0=	1*10xyxyxyxy
18 7  *=dec*appendxy	1dec*appendxy10xyxyxyxy
19 3  appendxy=(end)xy	1dec*10xyxyxyxyxy
20 5  1dec=0	0*10xyxyxyxyxy
21 2  (start)0=	*10xyxyxyxyxy
22 1  (start)*=	10xyxyxyxyxy
23 8  (once)xy=**xy	10**xyxyxyxyxy
24 6  **=dec**xxyy	10dec**xxyyxyxyxyxyxy
25 4  0dec=dec1	1dec1**xxyyxyxyxyxyxy
26 5  1dec=0	01**xxyyxyxyxyxyxy
27 2  (start)0=	1**xxyyxyxyxyxyxy
28 6  **=dec**xxyy	1dec**xxyyxxyyxyxyxyxyxy
29 5  1dec=0	0**xxyyxxyyxyxyxyxyxy
30 2  (start)0=	**xxyyxxyyxyxyxyxyxy
31 1  (start)*=	*xxyyxxyyxyxyxyxyxy
32 1  (start)*=	xxyyxxyyxyxyxyxyxy
33 13 xxyyxy=xyxxyytriggerinc	xxyyxyxxyytriggerincxyxyxyxy
34 9  triggerinc=(end)inc	xxyyxyxxyyxyxyxyxyinc
35 12 inc=1	xxyyxyxxyyxyxyxyxy1
36 13 xxyyxy=xyxxyytriggerinc	xyxxyytriggerincxxyyxyxyxyxy1
37 9  triggerinc=(end)inc	xyxxyyxxyyxyxyxyxy1inc
38 11 1inc=inc0	xyxxyyxxyyxyxyxyxyinc0
39 12 inc=1	xyxxyyxxyyxyxyxyxy10
40 13 xxyyxy=xyxxyytriggerinc	xyxxyyxyxxyytriggerincxyxyxy10
41 9  triggerinc=(end)inc	xyxxyyxyxxyyxyxyxy10inc
42 10 0inc=1	xyxxyyxyxxyyxyxyxy11
43 13 xxyyxy=xyxxyytriggerinc	xyxyxxyytriggerincxxyyxyxyxy11
44 9  triggerinc=(end)inc	xyxyxxyyxxyyxyxyxy11inc
45 11 1inc=inc0	xyxyxxyyxxyyxyxyxy1inc0
46 11 1inc=inc0	xyxyxxyyxxyyxyxyxyinc00
47 12 inc=1	xyxyxxyyxxyyxyxyxy100
48 13 xxyyxy=xyxxyytriggerinc	xyxyxxyyxyxxyytriggerincxyxy100
49 9  triggerinc=(end)inc	xyxyxxyyxyxxyyxyxy100inc
50 10 0inc=1	xyxyxxyyxyxxyyxyxy101
51 13 xxyyxy=xyxxyytriggerinc	xyxyxyxxyytriggerincxxyyxyxy101
52 9  triggerinc=(end)inc	xyxyxyxxyyxxyyxyxy101inc
53 11 1inc=inc0	xyxyxyxxyyxxyyxyxy10inc0
54 10 0inc=1	xyxyxyxxyyxxyyxyxy110
55 13 xxyyxy=xyxxyytriggerinc	xyxyxyxxyyxyxxyytriggerincxy110
56 9  triggerinc=(end)inc	xyxyxyxxyyxyxxyyxy110inc
57 10 0inc=1	xyxyxyxxyyxyxxyyxy111
58 13 xxyyxy=xyxxyytriggerinc	xyxyxyxyxxyytriggerincxxyyxy111
59 9  triggerinc=(end)inc	xyxyxyxyxxyyxxyyxy111inc
60 11 1inc=inc0	xyxyxyxyxxyyxxyyxy11inc0
61 11 1inc=inc0	xyxyxyxyxxyyxxyyxy1inc00
62 11 1inc=inc0	xyxyxyxyxxyyxxyyxyinc000
63 12 inc=1	xyxyxyxyxxyyxxyyxy1000
64 13 xxyyxy=xyxxyytriggerinc	xyxyxyxyxxyyxyxxyytriggerinc1000
65 9  triggerinc=(end)inc	xyxyxyxyxxyyxyxxyy1000inc
66 10 0inc=1	xyxyxyxyxxyyxyxxyy1001
67 13 xxyyxy=xyxxyytriggerinc	xyxyxyxyxyxxyytriggerincxxyy1001
68 9  triggerinc=(end)inc	xyxyxyxyxyxxyyxxyy1001inc
69 11 1inc=inc0	xyxyxyxyxyxxyyxxyy100inc0
70 10 0inc=1	xyxyxyxyxyxxyyxxyy1010
71 14 xy=	xyxyxyxyxxyyxxyy1010
72 14 xy=	xyxyxyxxyyxxyy1010
73 14 xy=	xyxyxxyyxxyy1010
74 14 xy=	xyxxyyxxyy1010
75 14 xy=	xxyyxxyy1010
76 14 xy=	xyxxyy1010
77 14 xy=	xxyy1010
78 14 xy=	xy1010
79 14 xy=	1010

Testcase 3
Input> 11*11
Output>	1001
OutStd>	1001
1  7  *=dec*appendxy	11dec*appendxy11
2  3  appendxy=(end)xy	11dec*11xy
3  5  1dec=0	10*11xy
4  7  *=dec*appendxy	10dec*appendxy11xy
5  3  appendxy=(end)xy	10dec*11xyxy
6  4  0dec=dec1	1dec1*11xyxy
7  5  1dec=0	01*11xyxy
8  2  (start)0=	1*11xyxy
9  7  *=dec*appendxy	1dec*appendxy11xyxy
10 3  appendxy=(end)xy	1dec*11xyxyxy
11 5  1dec=0	0*11xyxyxy
12 2  (start)0=	*11xyxyxy
13 1  (start)*=	11xyxyxy
14 8  (once)xy=**xy	11**xyxyxy
15 6  **=dec**xxyy	11dec**xxyyxyxyxy
16 5  1dec=0	10**xxyyxyxyxy
17 6  **=dec**xxyy	10dec**xxyyxxyyxyxyxy
18 4  0dec=dec1	1dec1**xxyyxxyyxyxyxy
19 5  1dec=0	01**xxyyxxyyxyxyxy
20 2  (start)0=	1**xxyyxxyyxyxyxy
21 6  **=dec**xxyy	1dec**xxyyxxyyxxyyxyxyxy
22 5  1dec=0	0**xxyyxxyyxxyyxyxyxy
23 2  (start)0=	**xxyyxxyyxxyyxyxyxy
24 1  (start)*=	*xxyyxxyyxxyyxyxyxy
25 1  (start)*=	xxyyxxyyxxyyxyxyxy
26 13 xxyyxy=xyxxyytriggerinc	xxyyxxyyxyxxyytriggerincxyxy
27 9  triggerinc=(end)inc	xxyyxxyyxyxxyyxyxyinc
28 12 inc=1	xxyyxxyyxyxxyyxyxy1
29 13 xxyyxy=xyxxyytriggerinc	xxyyxyxxyytriggerincxxyyxyxy1
30 9  triggerinc=(end)inc	xxyyxyxxyyxxyyxyxy1inc
31 11 1inc=inc0	xxyyxyxxyyxxyyxyxyinc0
32 12 inc=1	xxyyxyxxyyxxyyxyxy10
33 13 xxyyxy=xyxxyytriggerinc	xyxxyytriggerincxxyyxxyyxyxy10
34 9  triggerinc=(end)inc	xyxxyyxxyyxxyyxyxy10inc
35 10 0inc=1	xyxxyyxxyyxxyyxyxy11
36 13 xxyyxy=xyxxyytriggerinc	xyxxyyxxyyxyxxyytriggerincxy11
37 9  triggerinc=(end)inc	xyxxyyxxyyxyxxyyxy11inc
38 11 1inc=inc0	xyxxyyxxyyxyxxyyxy1inc0
39 11 1inc=inc0	xyxxyyxxyyxyxxyyxyinc00
40 12 inc=1	xyxxyyxxyyxyxxyyxy100
41 13 xxyyxy=xyxxyytriggerinc	xyxxyyxyxxyytriggerincxxyyxy100
42 9  triggerinc=(end)inc	xyxxyyxyxxyyxxyyxy100inc
43 10 0inc=1	xyxxyyxyxxyyxxyyxy101
44 13 xxyyxy=xyxxyytriggerinc	xyxyxxyytriggerincxxyyxxyyxy101
45 9  triggerinc=(end)inc	xyxyxxyyxxyyxxyyxy101inc
46 11 1inc=inc0	xyxyxxyyxxyyxxyyxy10inc0
47 10 0inc=1	xyxyxxyyxxyyxxyyxy110
48 13 xxyyxy=xyxxyytriggerinc	xyxyxxyyxxyyxyxxyytriggerinc110
49 9  triggerinc=(end)inc	xyxyxxyyxxyyxyxxyy110inc
50 10 0inc=1	xyxyxxyyxxyyxyxxyy111
51 13 xxyyxy=xyxxyytriggerinc	xyxyxxyyxyxxyytriggerincxxyy111
52 9  triggerinc=(end)inc	xyxyxxyyxyxxyyxxyy111inc
53 11 1inc=inc0	xyxyxxyyxyxxyyxxyy11inc0
54 11 1inc=inc0	xyxyxxyyxyxxyyxxyy1inc00
55 11 1inc=inc0	xyxyxxyyxyxxyyxxyyinc000
56 12 inc=1	xyxyxxyyxyxxyyxxyy1000
57 13 xxyyxy=xyxxyytriggerinc	xyxyxyxxyytriggerincxxyyxxyy1000
58 9  triggerinc=(end)inc	xyxyxyxxyyxxyyxxyy1000inc
59 10 0inc=1	xyxyxyxxyyxxyyxxyy1001
60 14 xy=	xyxyxxyyxxyyxxyy1001
61 14 xy=	xyxxyyxxyyxxyy1001
62 14 xy=	xxyyxxyyxxyy1001
63 14 xy=	xyxxyyxxyy1001
64 14 xy=	xxyyxxyy1001
65 14 xy=	xyxxyy1001
66 14 xy=	xxyy1001
67 14 xy=	xy1001
68 14 xy=	1001
